2026-01-15 15:10:29,988 [INFO] === MT run started for target_lang=Portuguese_BR, target_col=Portuguese_BR ===
2026-01-15 15:10:34,762 [INFO] --- Processing sheet 'MP_UI' ---
2026-01-15 15:10:36,356 [INFO] [MP_UI] Total segments in sheet: 1154
2026-01-15 15:10:36,357 [INFO] [MP_UI] Segments to translate (should_translate): 829
2026-01-15 15:10:36,357 [INFO] [MP_UI] Number of batches: 42
2026-01-15 15:10:36,357 [INFO] [MP_UI] Processing batch 1/42 with 20 segments
2026-01-15 15:10:36,357 [ERROR] [MP_UI][BATCH 1] Failed to get translations from API: Invalid format specifier ' "...", "sheet": "...", "source": "...", "comment": "..." ' for object of type 'str'
2026-01-15 15:10:36,358 [INFO] [MP_UI][donottranslate] Copying source 'English' value for key=SEASON_STATS_ACES_COUNT row=566
2026-01-15 15:10:36,362 [INFO] [MP_UI][donottranslate] Copying source 'English' value for key=SEASON_END_UPPER row=567
2026-01-15 15:10:36,365 [INFO] [MP_UI][donottranslate] Copying source 'English' value for key=RESET_UPPER row=951
2026-01-15 15:10:36,369 [INFO] [MP_UI] Total rows updated (MT + donottranslate): 3 (copied_from_source=3)
2026-01-15 15:10:36,370 [INFO] --- Processing sheet 'LD_INBOX' ---
2026-01-15 15:10:37,880 [WARNING] [LD_INBOX] Column '$comment' not found. Comments will be empty.
2026-01-15 15:10:37,880 [WARNING] [LD_INBOX] Column '$donottranslate' not found. Assuming donottranslate=False for all rows.
2026-01-15 15:10:38,010 [INFO] [LD_INBOX] Total segments in sheet: 1884
2026-01-15 15:10:38,010 [INFO] [LD_INBOX] Segments to translate (should_translate): 20
2026-01-15 15:10:38,011 [INFO] [LD_INBOX] Number of batches: 1
2026-01-15 15:10:38,012 [INFO] [LD_INBOX] Processing batch 1/1 with 20 segments
2026-01-15 15:10:38,013 [ERROR] [LD_INBOX][BATCH 1] Failed to get translations from API: Invalid format specifier ' "...", "sheet": "...", "source": "...", "comment": "..." ' for object of type 'str'
2026-01-15 15:10:38,013 [INFO] [LD_INBOX] Total rows updated (MT + donottranslate): 0 (copied_from_source=0)
2026-01-15 15:10:38,014 [INFO] [LD_INBOX] No updates to write.
2026-01-15 15:10:46,163 [INFO] [Excel] Saved all updates into localization.xlsx
2026-01-15 15:10:46,163 [INFO] === MT run finished ===
