2026-01-15 15:07:28,102 [INFO] === MT run started for target_lang=Portuguese_BR, target_col=Portuguese_BR ===
2026-01-15 15:07:32,943 [INFO] --- Processing sheet 'UI' ---
2026-01-15 15:07:34,510 [INFO] [UI] Total segments in sheet: 1048
2026-01-15 15:07:34,511 [INFO] [UI] Segments to translate (should_translate): 0
2026-01-15 15:07:34,527 [INFO] [UI] Number of batches: 0
2026-01-15 15:07:34,528 [INFO] [UI][donottranslate] Copying source 'English' value for key=DISPLAY_MODE_01 row=51
2026-01-15 15:07:34,533 [INFO] [UI][donottranslate] Copying source 'English' value for key=GRAPHICS_QUALITY_01 row=71
2026-01-15 15:07:34,538 [INFO] [UI][donottranslate] Copying source 'English' value for key=GRAPHICS_QUALITY_02 row=72
2026-01-15 15:07:34,541 [INFO] [UI][donottranslate] Copying source 'English' value for key=GRAPHICS_QUALITY_03 row=73
2026-01-15 15:07:34,544 [INFO] [UI][donottranslate] Copying source 'English' value for key=GRAPHICS_QUALITY_3D_01 row=77
2026-01-15 15:07:34,548 [INFO] [UI][donottranslate] Copying source 'English' value for key=GRAPHICS_QUALITY_3D_02 row=78
2026-01-15 15:07:34,553 [INFO] [UI][donottranslate] Copying source 'English' value for key=GRAPHICS_QUALITY_3D_03 row=79
2026-01-15 15:07:34,556 [INFO] [UI][donottranslate] Copying source 'English' value for key=GUI_SECTION_01 row=81
2026-01-15 15:07:34,559 [INFO] [UI][donottranslate] Copying source 'English' value for key=GUI_SECTION_02 row=82
2026-01-15 15:07:34,563 [INFO] [UI][donottranslate] Copying source 'English' value for key=GUI_SECTION_02_01 row=83
2026-01-15 15:07:34,566 [INFO] [UI][donottranslate] Copying source 'English' value for key=GUI_SECTION_02_02 row=84
2026-01-15 15:07:34,569 [INFO] [UI][donottranslate] Copying source 'English' value for key=GUI_SECTION_03 row=85
2026-01-15 15:07:34,572 [INFO] [UI][donottranslate] Copying source 'English' value for key=GUI_SECTION_03_01 row=86
2026-01-15 15:07:34,576 [INFO] [UI][donottranslate] Copying source 'English' value for key=GUI_SECTION_03_02 row=87
2026-01-15 15:07:34,585 [INFO] [UI][donottranslate] Copying source 'English' value for key=GUI_SECTION_03_03 row=88
2026-01-15 15:07:34,588 [INFO] [UI][donottranslate] Copying source 'English' value for key=GUI_SECTION_04 row=89
2026-01-15 15:07:34,591 [INFO] [UI][donottranslate] Copying source 'English' value for key=GUI_SECTION_04_01 row=90
2026-01-15 15:07:34,598 [INFO] [UI][donottranslate] Copying source 'English' value for key=GUI_SECTION_04_02 row=91
2026-01-15 15:07:34,601 [INFO] [UI][donottranslate] Copying source 'English' value for key=GUI_SECTION_04_03 row=92
2026-01-15 15:07:34,605 [INFO] [UI][donottranslate] Copying source 'English' value for key=GUI_SECTION_05 row=93
2026-01-15 15:07:34,608 [INFO] [UI][donottranslate] Copying source 'English' value for key=GUI_SECTION_06 row=94
2026-01-15 15:07:34,613 [INFO] [UI][donottranslate] Copying source 'English' value for key=GUI_SECTION_06_01 row=95
2026-01-15 15:07:34,616 [INFO] [UI][donottranslate] Copying source 'English' value for key=GUI_SECTION_06_02 row=96
2026-01-15 15:07:34,619 [INFO] [UI][donottranslate] Copying source 'English' value for key=GUI_SECTION_07 row=98
2026-01-15 15:07:34,623 [INFO] [UI][donottranslate] Copying source 'English' value for key=GUI_SECTION_07_01 row=99
2026-01-15 15:07:34,626 [INFO] [UI][donottranslate] Copying source 'English' value for key=GUI_SECTION_07_02 row=100
2026-01-15 15:07:34,629 [INFO] [UI][donottranslate] Copying source 'English' value for key=GUI_SECTION_07_03 row=101
2026-01-15 15:07:34,632 [INFO] [UI][donottranslate] Copying source 'English' value for key=GUI_SECTION_08 row=102
2026-01-15 15:07:34,636 [INFO] [UI][donottranslate] Copying source 'English' value for key=GUI_SECTION_08_01 row=103
2026-01-15 15:07:34,639 [INFO] [UI][donottranslate] Copying source 'English' value for key=GUI_SECTION_08_02 row=104
2026-01-15 15:07:34,643 [INFO] [UI][donottranslate] Copying source 'English' value for key=GUI_SECTION_08_03 row=105
2026-01-15 15:07:34,646 [INFO] [UI][donottranslate] Copying source 'English' value for key=GUI_SECTION_09A row=108
2026-01-15 15:07:34,649 [INFO] [UI][donottranslate] Copying source 'English' value for key=GUI_SECTION_09B row=109
2026-01-15 15:07:34,653 [INFO] [UI][donottranslate] Copying source 'English' value for key=GUI_SECTION_09C row=110
2026-01-15 15:07:34,656 [INFO] [UI][donottranslate] Copying source 'English' value for key=HOUR_FORMAT_01 row=115
2026-01-15 15:07:34,660 [INFO] [UI][donottranslate] Copying source 'English' value for key=HOUR_FORMAT_02 row=116
2026-01-15 15:07:34,663 [INFO] [UI][donottranslate] Copying source 'English' value for key=KEYBD_SC_GAME_02 row=121
2026-01-15 15:07:34,667 [INFO] [UI][donottranslate] Copying source 'English' value for key=KEYBD_SC_GAME_04 row=123
2026-01-15 15:07:34,672 [INFO] [UI][donottranslate] Copying source 'English' value for key=KEYBD_SC_GAME_07 row=126
2026-01-15 15:07:34,675 [INFO] [UI][donottranslate] Copying source 'English' value for key=KEYBD_SC_GAME_08 row=127
2026-01-15 15:07:34,679 [INFO] [UI][donottranslate] Copying source 'English' value for key=KEYBD_SC_MANAGER_01 row=129
2026-01-15 15:07:34,682 [INFO] [UI][donottranslate] Copying source 'English' value for key=KEYBD_SC_MANAGER_02 row=130
2026-01-15 15:07:34,686 [INFO] [UI][donottranslate] Copying source 'English' value for key=KEYBD_SC_MANAGER_03 row=131
2026-01-15 15:07:34,690 [INFO] [UI][donottranslate] Copying source 'English' value for key=KEYBD_SC_MANAGER_04 row=132
2026-01-15 15:07:34,694 [INFO] [UI][donottranslate] Copying source 'English' value for key=KEYBD_SC_MANAGER_05 row=133
2026-01-15 15:07:34,697 [INFO] [UI][donottranslate] Copying source 'English' value for key=KEYBD_SC_MANAGER_06 row=134
2026-01-15 15:07:34,701 [INFO] [UI][donottranslate] Copying source 'English' value for key=KEYBD_SC_MANAGER_07 row=135
2026-01-15 15:07:34,705 [INFO] [UI][donottranslate] Copying source 'English' value for key=KEYBD_SC_MANAGER_08 row=136
2026-01-15 15:07:34,709 [INFO] [UI][donottranslate] Copying source 'English' value for key=KEYBD_SC_MANAGER_09 row=137
2026-01-15 15:07:34,712 [INFO] [UI][donottranslate] Copying source 'English' value for key=KEYBD_SC_MANAGER_10 row=138
2026-01-15 15:07:34,716 [INFO] [UI][donottranslate] Copying source 'English' value for key=KEYBD_SC_MANAGER_11 row=139
2026-01-15 15:07:34,721 [INFO] [UI][donottranslate] Copying source 'English' value for key=KEYBD_SC_MANAGER_12 row=140
2026-01-15 15:07:34,725 [INFO] [UI][donottranslate] Copying source 'English' value for key=KEYBD_SC_MATCH_01 row=142
2026-01-15 15:07:34,728 [INFO] [UI][donottranslate] Copying source 'English' value for key=KEYBD_SC_MATCH_02 row=143
2026-01-15 15:07:34,732 [INFO] [UI][donottranslate] Copying source 'English' value for key=KEYBD_SC_MATCH_03 row=144
2026-01-15 15:07:34,736 [INFO] [UI][donottranslate] Copying source 'English' value for key=KEYBD_SC_MATCH_04 row=145
2026-01-15 15:07:34,740 [INFO] [UI][donottranslate] Copying source 'English' value for key=KEYBD_SC_MATCH_05 row=146
2026-01-15 15:07:34,744 [INFO] [UI][donottranslate] Copying source 'English' value for key=KEYBD_SC_MATCH_06 row=147
2026-01-15 15:07:34,748 [INFO] [UI][donottranslate] Copying source 'English' value for key=KEYBD_SC_MATCH_07 row=148
2026-01-15 15:07:34,752 [INFO] [UI][donottranslate] Copying source 'English' value for key=KEYBD_SC_MATCH_08 row=149
2026-01-15 15:07:34,756 [INFO] [UI][donottranslate] Copying source 'English' value for key=KEYBD_SC_MATCH_09 row=150
2026-01-15 15:07:34,759 [INFO] [UI][donottranslate] Copying source 'English' value for key=KEYBD_SC_MATCH_10 row=151
2026-01-15 15:07:34,763 [INFO] [UI][donottranslate] Copying source 'English' value for key=KEYBD_SC_UI_04 row=156
2026-01-15 15:07:34,767 [INFO] [UI][donottranslate] Copying source 'English' value for key=KEYBD_SC_UI_05 row=157
2026-01-15 15:07:34,771 [INFO] [UI][donottranslate] Copying source 'English' value for key=KEYBD_SC_UI_06 row=158
2026-01-15 15:07:34,775 [INFO] [UI][donottranslate] Copying source 'English' value for key=KEYBD_SC_UI_07 row=159
2026-01-15 15:07:34,779 [INFO] [UI][donottranslate] Copying source 'English' value for key=KEYBD_SC_UI_08 row=160
2026-01-15 15:07:34,783 [INFO] [UI][donottranslate] Copying source 'English' value for key=KEYBD_SC_WORLD_04 row=165
2026-01-15 15:07:34,788 [INFO] [UI][donottranslate] Copying source 'English' value for key=LANG_01 row=167
2026-01-15 15:07:34,792 [INFO] [UI][donottranslate] Copying source 'English' value for key=LANG_02 row=168
2026-01-15 15:07:34,796 [INFO] [UI][donottranslate] Copying source 'English' value for key=LANG_03 row=169
2026-01-15 15:07:34,815 [INFO] [UI][donottranslate] Copying source 'English' value for key=LANG_04 row=170
2026-01-15 15:07:34,819 [INFO] [UI][donottranslate] Copying source 'English' value for key=LANG_05 row=171
2026-01-15 15:07:34,824 [INFO] [UI][donottranslate] Copying source 'English' value for key=LANG_06 row=172
2026-01-15 15:07:34,829 [INFO] [UI][donottranslate] Copying source 'English' value for key=MAIN_BTN_ACTION_01 row=182
2026-01-15 15:07:34,840 [INFO] [UI][donottranslate] Copying source 'English' value for key=MAIN_BTN_ACTION_06 row=187
2026-01-15 15:07:34,844 [INFO] [UI][donottranslate] Copying source 'English' value for key=MAIN_RANKING row=196
2026-01-15 15:07:34,848 [INFO] [UI][donottranslate] Copying source 'English' value for key=OPTIONS_MENU row=216
2026-01-15 15:07:34,853 [INFO] [UI][donottranslate] Copying source 'English' value for key=OPTIONS_MENU_02 row=219
2026-01-15 15:07:34,857 [INFO] [UI][donottranslate] Copying source 'English' value for key=OPTIONS_MENU_03 row=220
2026-01-15 15:07:34,862 [INFO] [UI][donottranslate] Copying source 'English' value for key=OPTIONS_MENU_04 row=221
2026-01-15 15:07:34,866 [INFO] [UI][donottranslate] Copying source 'English' value for key=OPTIONS_MENU_06 row=223
2026-01-15 15:07:34,870 [INFO] [UI][donottranslate] Copying source 'English' value for key=OPTIONS_MENU_07 row=224
2026-01-15 15:07:34,875 [INFO] [UI][donottranslate] Copying source 'English' value for key=RACE_RANKING row=235
2026-01-15 15:07:34,880 [INFO] [UI][donottranslate] Copying source 'English' value for key=SETTINGS_BTN_01 row=250
2026-01-15 15:07:34,884 [INFO] [UI][donottranslate] Copying source 'English' value for key=SETTINGS_TAB_03 row=254
2026-01-15 15:07:34,888 [INFO] [UI][donottranslate] Copying source 'English' value for key=MAIN_TITLE_04 row=302
2026-01-15 15:07:34,893 [INFO] [UI][donottranslate] Copying source 'English' value for key=COPYRIGHTS row=305
2026-01-15 15:07:34,910 [INFO] [UI][donottranslate] Copying source 'English' value for key=NEW_CAREER_HELP_TITLE row=306
2026-01-15 15:07:34,914 [INFO] [UI][donottranslate] Copying source 'English' value for key=LOAD_GAME_TITLE row=313
2026-01-15 15:07:34,918 [INFO] [UI][donottranslate] Copying source 'English' value for key=LOAD_GAME_COLUMN_01 row=314
2026-01-15 15:07:34,923 [INFO] [UI][donottranslate] Copying source 'English' value for key=LOAD_GAME_COLUMN_02 row=315
2026-01-15 15:07:34,928 [INFO] [UI][donottranslate] Copying source 'English' value for key=LEAVE_GAME_TITLE row=321
2026-01-15 15:07:34,932 [INFO] [UI][donottranslate] Copying source 'English' value for key=TNMT_PLAYER row=329
2026-01-15 15:07:34,936 [INFO] [UI][donottranslate] Copying source 'English' value for key=TNMT_CIRCUIT row=330
2026-01-15 15:07:34,941 [INFO] [UI][donottranslate] Copying source 'English' value for key=TNMT_FILTERS row=333
2026-01-15 15:07:34,945 [INFO] [UI][donottranslate] Copying source 'English' value for key=TNMT_SEASON row=334
2026-01-15 15:07:34,950 [INFO] [UI][donottranslate] Copying source 'English' value for key=TNMT_SURFACE row=335
2026-01-15 15:07:34,954 [INFO] [UI][donottranslate] Copying source 'English' value for key=TNMT_QUALIFICATIONS row=337
2026-01-15 15:07:34,959 [INFO] [UI][donottranslate] Copying source 'English' value for key=TNMT_STATUS_1 row=340
2026-01-15 15:07:34,963 [INFO] [UI][donottranslate] Copying source 'English' value for key=TNMT_COLUMN_2 row=353
2026-01-15 15:07:34,967 [INFO] [UI][donottranslate] Copying source 'English' value for key=TNMT_COLUMN_4 row=355
2026-01-15 15:07:34,972 [INFO] [UI][donottranslate] Copying source 'English' value for key=TNMT_COLUMN_5 row=356
2026-01-15 15:07:34,976 [INFO] [UI][donottranslate] Copying source 'English' value for key=TNMT_COLUMN_7 row=358
2026-01-15 15:07:34,980 [INFO] [UI][donottranslate] Copying source 'English' value for key=DRAW_ROUND row=370
2026-01-15 15:07:34,990 [INFO] [UI][donottranslate] Copying source 'English' value for key=DRAW_SURFACE row=371
2026-01-15 15:07:34,994 [INFO] [UI][donottranslate] Copying source 'English' value for key=DRAW_PRIZEMONEY row=373
2026-01-15 15:07:34,998 [INFO] [UI][donottranslate] Copying source 'English' value for key=DRAW_W row=374
2026-01-15 15:07:35,016 [INFO] [UI][donottranslate] Copying source 'English' value for key=DRAW_WC row=375
2026-01-15 15:07:35,022 [INFO] [UI][donottranslate] Copying source 'English' value for key=DRAW_Q row=376
2026-01-15 15:07:35,027 [INFO] [UI][donottranslate] Copying source 'English' value for key=DRAW_INFOS_LIST_MAIN row=380
2026-01-15 15:07:35,032 [INFO] [UI][donottranslate] Copying source 'English' value for key=DRAW_INFOS_LIST_QUALIF row=381
2026-01-15 15:07:35,037 [INFO] [UI][donottranslate] Copying source 'English' value for key=NC_POPUP_BTN2 row=450
2026-01-15 15:07:35,041 [INFO] [UI][donottranslate] Copying source 'English' value for key=NC_POPUP_BTN3 row=451
2026-01-15 15:07:35,045 [INFO] [UI][donottranslate] Copying source 'English' value for key=STEAM_WORKSHOP row=452
2026-01-15 15:07:35,050 [INFO] [UI][donottranslate] Copying source 'English' value for key=NC4_TITLE row=496
2026-01-15 15:07:35,055 [INFO] [UI][donottranslate] Copying source 'English' value for key=NC4_COUNTRY row=500
2026-01-15 15:07:35,059 [INFO] [UI][donottranslate] Copying source 'English' value for key=NC5_ACA_CONF_1 row=503
2026-01-15 15:07:35,064 [INFO] [UI][donottranslate] Copying source 'English' value for key=NC5_FILTERS row=519
2026-01-15 15:07:35,068 [INFO] [UI][donottranslate] Copying source 'English' value for key=GRAPHICS_QUALITY_SHADOWS_01 row=947
2026-01-15 15:07:35,072 [INFO] [UI][donottranslate] Copying source 'English' value for key=GRAPHICS_QUALITY_SHADOWS_02 row=948
2026-01-15 15:07:35,077 [INFO] [UI][donottranslate] Copying source 'English' value for key=GRAPHICS_QUALITY_SHADOWS_03 row=949
2026-01-15 15:07:35,082 [INFO] [UI][donottranslate] Copying source 'English' value for key=GRAPHICS_QUALITY_TEXTURES_01 row=952
2026-01-15 15:07:35,086 [INFO] [UI][donottranslate] Copying source 'English' value for key=GRAPHICS_QUALITY_TEXTURES_02 row=953
2026-01-15 15:07:35,091 [INFO] [UI][donottranslate] Copying source 'English' value for key=GRAPHICS_QUALITY_TEXTURES_03 row=954
2026-01-15 15:07:35,096 [INFO] [UI][donottranslate] Copying source 'English' value for key=SIMULATION_QUALITY_02 row=964
2026-01-15 15:07:35,100 [INFO] [UI] Total rows updated (MT + donottranslate): 126 (copied_from_source=126)
2026-01-15 15:07:35,102 [INFO] --- Processing sheet 'MP_UI' ---
2026-01-15 15:07:36,462 [INFO] [MP_UI] Total segments in sheet: 1154
2026-01-15 15:07:36,463 [INFO] [MP_UI] Segments to translate (should_translate): 829
2026-01-15 15:07:36,464 [INFO] [MP_UI] Number of batches: 42
2026-01-15 15:07:36,466 [INFO] [MP_UI] Processing batch 1/42 with 20 segments
2026-01-15 15:07:36,466 [ERROR] [MP_UI][BATCH 1] Failed to get translations from API: Invalid format specifier ' "...", "sheet": "...", "source": "...", "comment": "..." ' for object of type 'str'
2026-01-15 15:07:36,467 [INFO] [MP_UI][donottranslate] Copying source 'English' value for key=SEASON_STATS_ACES_COUNT row=566
2026-01-15 15:07:36,473 [INFO] [MP_UI][donottranslate] Copying source 'English' value for key=SEASON_END_UPPER row=567
2026-01-15 15:07:36,479 [INFO] [MP_UI][donottranslate] Copying source 'English' value for key=RESET_UPPER row=951
2026-01-15 15:07:36,484 [INFO] [MP_UI] Total rows updated (MT + donottranslate): 3 (copied_from_source=3)
2026-01-15 15:07:36,485 [ERROR] [Main] Sheet 'LD_INDBOX' not found in workbook. Skipping.
2026-01-15 15:07:44,860 [INFO] [Excel] Saved all updates into localization.xlsx
2026-01-15 15:07:44,860 [INFO] === MT run finished ===
